<?xml version="1.0" encoding="UTF-8"?>
<testsuite xmlns:xsi="http://www.w3.org/2001/XMLSchema-instance" xsi:noNamespaceSchemaLocation="https://maven.apache.org/surefire/maven-surefire-plugin/xsd/surefire-test-report.xsd" name="CalculatorTest" time="0.046" tests="4" errors="0" skipped="0" failures="0">
  <properties>
[...]
</properties>
  <testcase name="divideSimple" classname="CalculatorTest" time="0.024"/>
  <testcase name="subtractSimple" classname="CalculatorTest" time="0"/>
  <testcase name="addSimple" classname="CalculatorTest" time="0.001"/>
  <testcase name="multiplySimple" classname="CalculatorTest" time="0.001"/>
</testsuite>